<?xml version="1.0" encoding="UTF-8"?>
<testsuite name="Example" tests="3" errors="0" failures="1" skipped="0" time="0.049">
<testcase classname="Example" name="First Test" time="0.002">
<failure message="Directory 'C:\nonexistent' does not exist." type="AssertionError"></failure>
</testcase>
<testcase classname="Example" name="An Unlinked Test" time="0.002">
</testcase>
<testcase classname="Example" name="Another test" time="0.002">
<skipped message="This test doesn't work on this setup" type="SkipExecution"/>
</testcase>
<properties>
    <property name="Documentation" value="My test suite title" />
    <property name="More Info" value="Test support for xUnit output of RobotFramework==5.0.0" />
    <property name="Version" value="1.0" />
</properties>
</testsuite>
