<?xml version="1.0" encoding="UTF-8"?>
<testsuite name="Example" tests="3" errors="0" failures="1" skipped="0" time="0.049">
<testcase classname="Example" name="First Test" time="0.002">
<failure message="Directory 'C:\nonexistent' does not exist." type="AssertionError"></failure>
</testcase>
<testcase classname="Example" name="An Unlinked Test" time="0.002">
</testcase>
<testcase classname="Example" name="Another test" time="0.002">
</testcase>
<traits>
    <trait name="xUnit2rst Content File" value="../../doc/source/extra_content.yml" />
    <trait name="Documentation" value="My test suite title" />
    <trait name="More Info" value="Test support for xUnit output of RobotFramework==5.0.0" />
    <trait name="Version" value="1.0" />
</traits>
</testsuite>
